Analysis & Synthesis report for converter_module
Wed Mar 16 20:34:15 2022
Quartus Prime Version 18.1.0 Build 625 09/12/2018 SJ Lite Edition


---------------------
; Table of Contents ;
---------------------
  1. Legal Notice
  2. Analysis & Synthesis Summary
  3. Analysis & Synthesis Settings
  4. Parallel Compilation
  5. Analysis & Synthesis Source Files Read
  6. Analysis & Synthesis Resource Usage Summary
  7. Analysis & Synthesis Resource Utilization by Entity
  8. User-Specified and Inferred Latches
  9. General Register Statistics
 10. Multiplexer Restructuring Statistics (Restructuring Performed)
 11. Parameter Settings for Inferred Entity Instance: lpm_divide:Div0
 12. Parameter Settings for Inferred Entity Instance: lpm_divide:Mod0
 13. Post-Synthesis Netlist Statistics for Top Partition
 14. Elapsed Time Per Partition
 15. Analysis & Synthesis Messages



----------------
; Legal Notice ;
----------------
Copyright (C) 2018  Intel Corporation. All rights reserved.
Your use of Intel Corporation's design tools, logic functions 
and other software and tools, and its AMPP partner logic 
functions, and any output files from any of the foregoing 
(including device programming or simulation files), and any 
associated documentation or information are expressly subject 
to the terms and conditions of the Intel Program License 
Subscription Agreement, the Intel Quartus Prime License Agreement,
the Intel FPGA IP License Agreement, or other applicable license
agreement, including, without limitation, that your use is for
the sole purpose of programming logic devices manufactured by
Intel and sold by Intel or its authorized distributors.  Please
refer to the applicable agreement for further details.



+-------------------------------------------------------------------------------+
; Analysis & Synthesis Summary                                                  ;
+---------------------------------+---------------------------------------------+
; Analysis & Synthesis Status     ; Successful - Wed Mar 16 20:34:15 2022       ;
; Quartus Prime Version           ; 18.1.0 Build 625 09/12/2018 SJ Lite Edition ;
; Revision Name                   ; converter_module                            ;
; Top-level Entity Name           ; converter_module                            ;
; Family                          ; Cyclone V                                   ;
; Logic utilization (in ALMs)     ; N/A                                         ;
; Total registers                 ; 0                                           ;
; Total pins                      ; 28                                          ;
; Total virtual pins              ; 0                                           ;
; Total block memory bits         ; 0                                           ;
; Total DSP Blocks                ; 0                                           ;
; Total HSSI RX PCSs              ; 0                                           ;
; Total HSSI PMA RX Deserializers ; 0                                           ;
; Total HSSI TX PCSs              ; 0                                           ;
; Total HSSI PMA TX Serializers   ; 0                                           ;
; Total PLLs                      ; 0                                           ;
; Total DLLs                      ; 0                                           ;
+---------------------------------+---------------------------------------------+


+---------------------------------------------------------------------------------------------------------------------------+
; Analysis & Synthesis Settings                                                                                             ;
+---------------------------------------------------------------------------------+--------------------+--------------------+
; Option                                                                          ; Setting            ; Default Value      ;
+---------------------------------------------------------------------------------+--------------------+--------------------+
; Device                                                                          ; 5CEBA4F23C7        ;                    ;
; Top-level entity name                                                           ; converter_module   ; converter_module   ;
; Family name                                                                     ; Cyclone V          ; Cyclone V          ;
; Use smart compilation                                                           ; Off                ; Off                ;
; Enable parallel Assembler and Timing Analyzer during compilation                ; On                 ; On                 ;
; Enable compact report table                                                     ; Off                ; Off                ;
; Restructure Multiplexers                                                        ; Auto               ; Auto               ;
; MLAB Add Timing Constraints For Mixed-Port Feed-Through Mode Setting Don't Care ; Off                ; Off                ;
; Create Debugging Nodes for IP Cores                                             ; Off                ; Off                ;
; Preserve fewer node names                                                       ; On                 ; On                 ;
; Intel FPGA IP Evaluation Mode                                                   ; Enable             ; Enable             ;
; Verilog Version                                                                 ; Verilog_2001       ; Verilog_2001       ;
; VHDL Version                                                                    ; VHDL_1993          ; VHDL_1993          ;
; State Machine Processing                                                        ; Auto               ; Auto               ;
; Safe State Machine                                                              ; Off                ; Off                ;
; Extract Verilog State Machines                                                  ; On                 ; On                 ;
; Extract VHDL State Machines                                                     ; On                 ; On                 ;
; Ignore Verilog initial constructs                                               ; Off                ; Off                ;
; Iteration limit for constant Verilog loops                                      ; 5000               ; 5000               ;
; Iteration limit for non-constant Verilog loops                                  ; 250                ; 250                ;
; Add Pass-Through Logic to Inferred RAMs                                         ; On                 ; On                 ;
; Infer RAMs from Raw Logic                                                       ; On                 ; On                 ;
; Parallel Synthesis                                                              ; On                 ; On                 ;
; DSP Block Balancing                                                             ; Auto               ; Auto               ;
; NOT Gate Push-Back                                                              ; On                 ; On                 ;
; Power-Up Don't Care                                                             ; On                 ; On                 ;
; Remove Redundant Logic Cells                                                    ; Off                ; Off                ;
; Remove Duplicate Registers                                                      ; On                 ; On                 ;
; Ignore CARRY Buffers                                                            ; Off                ; Off                ;
; Ignore CASCADE Buffers                                                          ; Off                ; Off                ;
; Ignore GLOBAL Buffers                                                           ; Off                ; Off                ;
; Ignore ROW GLOBAL Buffers                                                       ; Off                ; Off                ;
; Ignore LCELL Buffers                                                            ; Off                ; Off                ;
; Ignore SOFT Buffers                                                             ; On                 ; On                 ;
; Limit AHDL Integers to 32 Bits                                                  ; Off                ; Off                ;
; Optimization Technique                                                          ; Balanced           ; Balanced           ;
; Carry Chain Length                                                              ; 70                 ; 70                 ;
; Auto Carry Chains                                                               ; On                 ; On                 ;
; Auto Open-Drain Pins                                                            ; On                 ; On                 ;
; Perform WYSIWYG Primitive Resynthesis                                           ; Off                ; Off                ;
; Auto ROM Replacement                                                            ; On                 ; On                 ;
; Auto RAM Replacement                                                            ; On                 ; On                 ;
; Auto DSP Block Replacement                                                      ; On                 ; On                 ;
; Auto Shift Register Replacement                                                 ; Auto               ; Auto               ;
; Allow Shift Register Merging across Hierarchies                                 ; Auto               ; Auto               ;
; Auto Clock Enable Replacement                                                   ; On                 ; On                 ;
; Strict RAM Replacement                                                          ; Off                ; Off                ;
; Allow Synchronous Control Signals                                               ; On                 ; On                 ;
; Force Use of Synchronous Clear Signals                                          ; Off                ; Off                ;
; Auto Resource Sharing                                                           ; Off                ; Off                ;
; Allow Any RAM Size For Recognition                                              ; Off                ; Off                ;
; Allow Any ROM Size For Recognition                                              ; Off                ; Off                ;
; Allow Any Shift Register Size For Recognition                                   ; Off                ; Off                ;
; Use LogicLock Constraints during Resource Balancing                             ; On                 ; On                 ;
; Ignore translate_off and synthesis_off directives                               ; Off                ; Off                ;
; Timing-Driven Synthesis                                                         ; On                 ; On                 ;
; Report Parameter Settings                                                       ; On                 ; On                 ;
; Report Source Assignments                                                       ; On                 ; On                 ;
; Report Connectivity Checks                                                      ; On                 ; On                 ;
; Ignore Maximum Fan-Out Assignments                                              ; Off                ; Off                ;
; Synchronization Register Chain Length                                           ; 3                  ; 3                  ;
; Power Optimization During Synthesis                                             ; Normal compilation ; Normal compilation ;
; HDL message level                                                               ; Level2             ; Level2             ;
; Suppress Register Optimization Related Messages                                 ; Off                ; Off                ;
; Number of Removed Registers Reported in Synthesis Report                        ; 5000               ; 5000               ;
; Number of Swept Nodes Reported in Synthesis Report                              ; 5000               ; 5000               ;
; Number of Inverted Registers Reported in Synthesis Report                       ; 100                ; 100                ;
; Clock MUX Protection                                                            ; On                 ; On                 ;
; Auto Gated Clock Conversion                                                     ; Off                ; Off                ;
; Block Design Naming                                                             ; Auto               ; Auto               ;
; SDC constraint protection                                                       ; Off                ; Off                ;
; Synthesis Effort                                                                ; Auto               ; Auto               ;
; Shift Register Replacement - Allow Asynchronous Clear Signal                    ; On                 ; On                 ;
; Pre-Mapping Resynthesis Optimization                                            ; Off                ; Off                ;
; Analysis & Synthesis Message Level                                              ; Medium             ; Medium             ;
; Disable Register Merging Across Hierarchies                                     ; Auto               ; Auto               ;
; Resource Aware Inference For Block RAM                                          ; On                 ; On                 ;
; Automatic Parallel Synthesis                                                    ; On                 ; On                 ;
; Partial Reconfiguration Bitstream ID                                            ; Off                ; Off                ;
+---------------------------------------------------------------------------------+--------------------+--------------------+


+------------------------------------------+
; Parallel Compilation                     ;
+----------------------------+-------------+
; Processors                 ; Number      ;
+----------------------------+-------------+
; Number detected on machine ; 8           ;
; Maximum allowed            ; 4           ;
;                            ;             ;
; Average used               ; 1.00        ;
; Maximum used               ; 1           ;
;                            ;             ;
; Usage by Processor         ; % Time Used ;
;     Processor 1            ; 100.0%      ;
+----------------------------+-------------+


+-----------------------------------------------------------------------------------------------------------------------------------------------------------------------------------+
; Analysis & Synthesis Source Files Read                                                                                                                                            ;
+----------------------------------+-----------------+------------------------------+-------------------------------------------------------------------------------------+---------+
; File Name with User-Entered Path ; Used in Netlist ; File Type                    ; File Name with Absolute Path                                                        ; Library ;
+----------------------------------+-----------------+------------------------------+-------------------------------------------------------------------------------------+---------+
; s_s_display.v                    ; yes             ; User Verilog HDL File        ; C:/Users/JPL-ST-SPRING2021/Documents/ENGR 378/Labs/Lab 4/s_s_display.v              ;         ;
; mode_display.v                   ; yes             ; User Verilog HDL File        ; C:/Users/JPL-ST-SPRING2021/Documents/ENGR 378/Labs/Lab 4/mode_display.v             ;         ;
; converter_module.v               ; yes             ; User Verilog HDL File        ; C:/Users/JPL-ST-SPRING2021/Documents/ENGR 378/Labs/Lab 4/converter_module.v         ;         ;
; lpm_divide.tdf                   ; yes             ; Megafunction                 ; c:/intelfpga_lite/18.1/quartus/libraries/megafunctions/lpm_divide.tdf               ;         ;
; abs_divider.inc                  ; yes             ; Megafunction                 ; c:/intelfpga_lite/18.1/quartus/libraries/megafunctions/abs_divider.inc              ;         ;
; sign_div_unsign.inc              ; yes             ; Megafunction                 ; c:/intelfpga_lite/18.1/quartus/libraries/megafunctions/sign_div_unsign.inc          ;         ;
; aglobal181.inc                   ; yes             ; Megafunction                 ; c:/intelfpga_lite/18.1/quartus/libraries/megafunctions/aglobal181.inc               ;         ;
; db/lpm_divide_1am.tdf            ; yes             ; Auto-Generated Megafunction  ; C:/Users/JPL-ST-SPRING2021/Documents/ENGR 378/Labs/Lab 4/db/lpm_divide_1am.tdf      ;         ;
; db/sign_div_unsign_7kh.tdf       ; yes             ; Auto-Generated Megafunction  ; C:/Users/JPL-ST-SPRING2021/Documents/ENGR 378/Labs/Lab 4/db/sign_div_unsign_7kh.tdf ;         ;
; db/alt_u_div_kse.tdf             ; yes             ; Auto-Generated Megafunction  ; C:/Users/JPL-ST-SPRING2021/Documents/ENGR 378/Labs/Lab 4/db/alt_u_div_kse.tdf       ;         ;
; db/lpm_divide_42m.tdf            ; yes             ; Auto-Generated Megafunction  ; C:/Users/JPL-ST-SPRING2021/Documents/ENGR 378/Labs/Lab 4/db/lpm_divide_42m.tdf      ;         ;
+----------------------------------+-----------------+------------------------------+-------------------------------------------------------------------------------------+---------+


+------------------------------------------------------------+
; Analysis & Synthesis Resource Usage Summary                ;
+---------------------------------------------+--------------+
; Resource                                    ; Usage        ;
+---------------------------------------------+--------------+
; Estimate of Logic utilization (ALMs needed) ; 22           ;
;                                             ;              ;
; Combinational ALUT usage for logic          ; 42           ;
;     -- 7 input functions                    ; 0            ;
;     -- 6 input functions                    ; 1            ;
;     -- 5 input functions                    ; 3            ;
;     -- 4 input functions                    ; 18           ;
;     -- <=3 input functions                  ; 20           ;
;                                             ;              ;
; Dedicated logic registers                   ; 0            ;
;                                             ;              ;
; I/O pins                                    ; 28           ;
;                                             ;              ;
; Total DSP Blocks                            ; 0            ;
;                                             ;              ;
; Maximum fan-out node                        ; btn[1]~input ;
; Maximum fan-out                             ; 18           ;
; Total fan-out                               ; 186          ;
; Average fan-out                             ; 1.90         ;
+---------------------------------------------+--------------+


+----------------------------------------------------------------------------------------------------------------------------------------------------------------------------------------------------------------------------------------------------------------------------------------------------------+
; Analysis & Synthesis Resource Utilization by Entity                                                                                                                                                                                                                                                      ;
+----------------------------------------+---------------------+---------------------------+-------------------+------------+------+--------------+-------------------------------------------------------------------------------------------------------------------+---------------------+--------------+
; Compilation Hierarchy Node             ; Combinational ALUTs ; Dedicated Logic Registers ; Block Memory Bits ; DSP Blocks ; Pins ; Virtual Pins ; Full Hierarchy Name                                                                                               ; Entity Name         ; Library Name ;
+----------------------------------------+---------------------+---------------------------+-------------------+------------+------+--------------+-------------------------------------------------------------------------------------------------------------------+---------------------+--------------+
; |converter_module                      ; 42 (13)             ; 0 (0)                     ; 0                 ; 0          ; 28   ; 0            ; |converter_module                                                                                                 ; converter_module    ; work         ;
;    |lpm_divide:Div0|                   ; 5 (0)               ; 0 (0)                     ; 0                 ; 0          ; 0    ; 0            ; |converter_module|lpm_divide:Div0                                                                                 ; lpm_divide          ; work         ;
;       |lpm_divide_1am:auto_generated|  ; 5 (0)               ; 0 (0)                     ; 0                 ; 0          ; 0    ; 0            ; |converter_module|lpm_divide:Div0|lpm_divide_1am:auto_generated                                                   ; lpm_divide_1am      ; work         ;
;          |sign_div_unsign_7kh:divider| ; 5 (0)               ; 0 (0)                     ; 0                 ; 0          ; 0    ; 0            ; |converter_module|lpm_divide:Div0|lpm_divide_1am:auto_generated|sign_div_unsign_7kh:divider                       ; sign_div_unsign_7kh ; work         ;
;             |alt_u_div_kse:divider|    ; 5 (5)               ; 0 (0)                     ; 0                 ; 0          ; 0    ; 0            ; |converter_module|lpm_divide:Div0|lpm_divide_1am:auto_generated|sign_div_unsign_7kh:divider|alt_u_div_kse:divider ; alt_u_div_kse       ; work         ;
;    |lpm_divide:Mod0|                   ; 5 (0)               ; 0 (0)                     ; 0                 ; 0          ; 0    ; 0            ; |converter_module|lpm_divide:Mod0                                                                                 ; lpm_divide          ; work         ;
;       |lpm_divide_42m:auto_generated|  ; 5 (0)               ; 0 (0)                     ; 0                 ; 0          ; 0    ; 0            ; |converter_module|lpm_divide:Mod0|lpm_divide_42m:auto_generated                                                   ; lpm_divide_42m      ; work         ;
;          |sign_div_unsign_7kh:divider| ; 5 (0)               ; 0 (0)                     ; 0                 ; 0          ; 0    ; 0            ; |converter_module|lpm_divide:Mod0|lpm_divide_42m:auto_generated|sign_div_unsign_7kh:divider                       ; sign_div_unsign_7kh ; work         ;
;             |alt_u_div_kse:divider|    ; 5 (5)               ; 0 (0)                     ; 0                 ; 0          ; 0    ; 0            ; |converter_module|lpm_divide:Mod0|lpm_divide_42m:auto_generated|sign_div_unsign_7kh:divider|alt_u_div_kse:divider ; alt_u_div_kse       ; work         ;
;    |mode_display:d_mode|               ; 4 (4)               ; 0 (0)                     ; 0                 ; 0          ; 0    ; 0            ; |converter_module|mode_display:d_mode                                                                             ; mode_display        ; work         ;
;    |s_s_display:d_lsb|                 ; 14 (14)             ; 0 (0)                     ; 0                 ; 0          ; 0    ; 0            ; |converter_module|s_s_display:d_lsb                                                                               ; s_s_display         ; work         ;
;    |s_s_display:d_msb|                 ; 1 (1)               ; 0 (0)                     ; 0                 ; 0          ; 0    ; 0            ; |converter_module|s_s_display:d_msb                                                                               ; s_s_display         ; work         ;
+----------------------------------------+---------------------+---------------------------+-------------------+------------+------+--------------+-------------------------------------------------------------------------------------------------------------------+---------------------+--------------+
Note: For table entries with two numbers listed, the numbers in parentheses indicate the number of resources of the given type used by the specific entity alone. The numbers listed outside of parentheses indicate the total resources of the given type used by the specific entity and all of its sub-entities in the hierarchy.


+-----------------------------------------------------------------------------------------------------------+
; User-Specified and Inferred Latches                                                                       ;
+----------------------------------------------------+-----------------------------+------------------------+
; Latch Name                                         ; Latch Enable Signal         ; Free of Timing Hazards ;
+----------------------------------------------------+-----------------------------+------------------------+
; sw_int_msb[0]                                      ; Decoder0                    ; yes                    ;
; sw_int_lsb[0]                                      ; mode_display:d_mode|WideOr0 ; yes                    ;
; sw_int_lsb[1]                                      ; mode_display:d_mode|WideOr0 ; yes                    ;
; sw_int_lsb[2]                                      ; mode_display:d_mode|WideOr0 ; yes                    ;
; sw_int_lsb[3]                                      ; mode_display:d_mode|WideOr0 ; yes                    ;
; Number of user-specified and inferred latches = 5  ;                             ;                        ;
+----------------------------------------------------+-----------------------------+------------------------+
Note: All latches listed above may not be present at the end of synthesis due to various synthesis optimizations.


+------------------------------------------------------+
; General Register Statistics                          ;
+----------------------------------------------+-------+
; Statistic                                    ; Value ;
+----------------------------------------------+-------+
; Total registers                              ; 0     ;
; Number of registers using Synchronous Clear  ; 0     ;
; Number of registers using Synchronous Load   ; 0     ;
; Number of registers using Asynchronous Clear ; 0     ;
; Number of registers using Asynchronous Load  ; 0     ;
; Number of registers using Clock Enable       ; 0     ;
; Number of registers using Preset             ; 0     ;
+----------------------------------------------+-------+


+------------------------------------------------------------------------------------------------------------------------------------------+
; Multiplexer Restructuring Statistics (Restructuring Performed)                                                                           ;
+--------------------+-----------+---------------+----------------------+------------------------+------------+----------------------------+
; Multiplexer Inputs ; Bus Width ; Baseline Area ; Area if Restructured ; Saving if Restructured ; Registered ; Example Multiplexer Output ;
+--------------------+-----------+---------------+----------------------+------------------------+------------+----------------------------+
; 5:1                ; 4 bits    ; 12 LEs        ; 8 LEs                ; 4 LEs                  ; No         ; |converter_module|Mux0     ;
+--------------------+-----------+---------------+----------------------+------------------------+------------+----------------------------+


+------------------------------------------------------------------+
; Parameter Settings for Inferred Entity Instance: lpm_divide:Div0 ;
+------------------------+----------------+------------------------+
; Parameter Name         ; Value          ; Type                   ;
+------------------------+----------------+------------------------+
; LPM_WIDTHN             ; 4              ; Untyped                ;
; LPM_WIDTHD             ; 4              ; Untyped                ;
; LPM_NREPRESENTATION    ; UNSIGNED       ; Untyped                ;
; LPM_DREPRESENTATION    ; UNSIGNED       ; Untyped                ;
; LPM_PIPELINE           ; 0              ; Untyped                ;
; LPM_REMAINDERPOSITIVE  ; TRUE           ; Untyped                ;
; MAXIMIZE_SPEED         ; 5              ; Untyped                ;
; CBXI_PARAMETER         ; lpm_divide_1am ; Untyped                ;
; CARRY_CHAIN            ; MANUAL         ; Untyped                ;
; OPTIMIZE_FOR_SPEED     ; 5              ; Untyped                ;
; AUTO_CARRY_CHAINS      ; ON             ; AUTO_CARRY             ;
; IGNORE_CARRY_BUFFERS   ; OFF            ; IGNORE_CARRY           ;
; AUTO_CASCADE_CHAINS    ; ON             ; AUTO_CASCADE           ;
; IGNORE_CASCADE_BUFFERS ; OFF            ; IGNORE_CASCADE         ;
+------------------------+----------------+------------------------+
Note: In order to hide this table in the UI and the text report file, please set the "Show Parameter Settings in Synthesis Report" option in "Analysis and Synthesis Settings -> More Settings" to "Off".


+------------------------------------------------------------------+
; Parameter Settings for Inferred Entity Instance: lpm_divide:Mod0 ;
+------------------------+----------------+------------------------+
; Parameter Name         ; Value          ; Type                   ;
+------------------------+----------------+------------------------+
; LPM_WIDTHN             ; 4              ; Untyped                ;
; LPM_WIDTHD             ; 4              ; Untyped                ;
; LPM_NREPRESENTATION    ; UNSIGNED       ; Untyped                ;
; LPM_DREPRESENTATION    ; UNSIGNED       ; Untyped                ;
; LPM_PIPELINE           ; 0              ; Untyped                ;
; LPM_REMAINDERPOSITIVE  ; TRUE           ; Untyped                ;
; MAXIMIZE_SPEED         ; 5              ; Untyped                ;
; CBXI_PARAMETER         ; lpm_divide_42m ; Untyped                ;
; CARRY_CHAIN            ; MANUAL         ; Untyped                ;
; OPTIMIZE_FOR_SPEED     ; 5              ; Untyped                ;
; AUTO_CARRY_CHAINS      ; ON             ; AUTO_CARRY             ;
; IGNORE_CARRY_BUFFERS   ; OFF            ; IGNORE_CARRY           ;
; AUTO_CASCADE_CHAINS    ; ON             ; AUTO_CASCADE           ;
; IGNORE_CASCADE_BUFFERS ; OFF            ; IGNORE_CASCADE         ;
+------------------------+----------------+------------------------+
Note: In order to hide this table in the UI and the text report file, please set the "Show Parameter Settings in Synthesis Report" option in "Analysis and Synthesis Settings -> More Settings" to "Off".


+-----------------------------------------------------+
; Post-Synthesis Netlist Statistics for Top Partition ;
+-----------------------+-----------------------------+
; Type                  ; Count                       ;
+-----------------------+-----------------------------+
; arriav_lcell_comb     ; 48                          ;
;     normal            ; 38                          ;
;         0 data inputs ; 1                           ;
;         1 data inputs ; 5                           ;
;         3 data inputs ; 10                          ;
;         4 data inputs ; 18                          ;
;         5 data inputs ; 3                           ;
;         6 data inputs ; 1                           ;
;     shared            ; 10                          ;
;         0 data inputs ; 2                           ;
;         1 data inputs ; 8                           ;
; boundary_port         ; 28                          ;
;                       ;                             ;
; Max LUT depth         ; 3.40                        ;
; Average LUT depth     ; 2.66                        ;
+-----------------------+-----------------------------+


+-------------------------------+
; Elapsed Time Per Partition    ;
+----------------+--------------+
; Partition Name ; Elapsed Time ;
+----------------+--------------+
; Top            ; 00:00:00     ;
+----------------+--------------+


+-------------------------------+
; Analysis & Synthesis Messages ;
+-------------------------------+
Info: *******************************************************************
Info: Running Quartus Prime Analysis & Synthesis
    Info: Version 18.1.0 Build 625 09/12/2018 SJ Lite Edition
    Info: Processing started: Wed Mar 16 20:34:04 2022
Info: Command: quartus_map --read_settings_files=on --write_settings_files=off converter_module -c converter_module
Warning (18236): Number of processors has not been specified which may cause overloading on shared machines.  Set the global assignment NUM_PARALLEL_PROCESSORS in your QSF to an appropriate value for best performance.
Info (20030): Parallel compilation is enabled and will use 4 of the 4 processors detected
Info (12021): Found 1 design units, including 1 entities, in source file s_s_display.v
    Info (12023): Found entity 1: s_s_display File: C:/Users/JPL-ST-SPRING2021/Documents/ENGR 378/Labs/Lab 4/s_s_display.v Line: 1
Info (12021): Found 1 design units, including 1 entities, in source file mode_display.v
    Info (12023): Found entity 1: mode_display File: C:/Users/JPL-ST-SPRING2021/Documents/ENGR 378/Labs/Lab 4/mode_display.v Line: 1
Info (12021): Found 1 design units, including 1 entities, in source file converter_module_tb.v
    Info (12023): Found entity 1: converter_module_tb File: C:/Users/JPL-ST-SPRING2021/Documents/ENGR 378/Labs/Lab 4/converter_module_tb.v Line: 1
Info (12021): Found 1 design units, including 1 entities, in source file converter_module.v
    Info (12023): Found entity 1: converter_module File: C:/Users/JPL-ST-SPRING2021/Documents/ENGR 378/Labs/Lab 4/converter_module.v Line: 1
Info (12127): Elaborating entity "converter_module" for the top level hierarchy
Warning (10240): Verilog HDL Always Construct warning at converter_module.v(12): inferring latch(es) for variable "sw_int_lsb", which holds its previous value in one or more paths through the always construct File: C:/Users/JPL-ST-SPRING2021/Documents/ENGR 378/Labs/Lab 4/converter_module.v Line: 12
Warning (10240): Verilog HDL Always Construct warning at converter_module.v(12): inferring latch(es) for variable "sw_int_msb", which holds its previous value in one or more paths through the always construct File: C:/Users/JPL-ST-SPRING2021/Documents/ENGR 378/Labs/Lab 4/converter_module.v Line: 12
Info (10041): Inferred latch for "sw_int_msb[0]" at converter_module.v(12) File: C:/Users/JPL-ST-SPRING2021/Documents/ENGR 378/Labs/Lab 4/converter_module.v Line: 12
Info (10041): Inferred latch for "sw_int_msb[1]" at converter_module.v(12) File: C:/Users/JPL-ST-SPRING2021/Documents/ENGR 378/Labs/Lab 4/converter_module.v Line: 12
Info (10041): Inferred latch for "sw_int_msb[2]" at converter_module.v(12) File: C:/Users/JPL-ST-SPRING2021/Documents/ENGR 378/Labs/Lab 4/converter_module.v Line: 12
Info (10041): Inferred latch for "sw_int_msb[3]" at converter_module.v(12) File: C:/Users/JPL-ST-SPRING2021/Documents/ENGR 378/Labs/Lab 4/converter_module.v Line: 12
Info (10041): Inferred latch for "sw_int_lsb[0]" at converter_module.v(12) File: C:/Users/JPL-ST-SPRING2021/Documents/ENGR 378/Labs/Lab 4/converter_module.v Line: 12
Info (10041): Inferred latch for "sw_int_lsb[1]" at converter_module.v(12) File: C:/Users/JPL-ST-SPRING2021/Documents/ENGR 378/Labs/Lab 4/converter_module.v Line: 12
Info (10041): Inferred latch for "sw_int_lsb[2]" at converter_module.v(12) File: C:/Users/JPL-ST-SPRING2021/Documents/ENGR 378/Labs/Lab 4/converter_module.v Line: 12
Info (10041): Inferred latch for "sw_int_lsb[3]" at converter_module.v(12) File: C:/Users/JPL-ST-SPRING2021/Documents/ENGR 378/Labs/Lab 4/converter_module.v Line: 12
Info (12128): Elaborating entity "mode_display" for hierarchy "mode_display:d_mode" File: C:/Users/JPL-ST-SPRING2021/Documents/ENGR 378/Labs/Lab 4/converter_module.v Line: 52
Info (12128): Elaborating entity "s_s_display" for hierarchy "s_s_display:d_msb" File: C:/Users/JPL-ST-SPRING2021/Documents/ENGR 378/Labs/Lab 4/converter_module.v Line: 53
Info (278001): Inferred 2 megafunctions from design logic
    Info (278004): Inferred divider/modulo megafunction ("lpm_divide") from the following logic: "Div0" File: C:/Users/JPL-ST-SPRING2021/Documents/ENGR 378/Labs/Lab 4/converter_module.v Line: 35
    Info (278004): Inferred divider/modulo megafunction ("lpm_divide") from the following logic: "Mod0" File: C:/Users/JPL-ST-SPRING2021/Documents/ENGR 378/Labs/Lab 4/converter_module.v Line: 34
Info (12130): Elaborated megafunction instantiation "lpm_divide:Div0" File: C:/Users/JPL-ST-SPRING2021/Documents/ENGR 378/Labs/Lab 4/converter_module.v Line: 35
Info (12133): Instantiated megafunction "lpm_divide:Div0" with the following parameter: File: C:/Users/JPL-ST-SPRING2021/Documents/ENGR 378/Labs/Lab 4/converter_module.v Line: 35
    Info (12134): Parameter "LPM_WIDTHN" = "4"
    Info (12134): Parameter "LPM_WIDTHD" = "4"
    Info (12134): Parameter "LPM_NREPRESENTATION" = "UNSIGNED"
    Info (12134): Parameter "LPM_DREPRESENTATION" = "UNSIGNED"
Info (12021): Found 1 design units, including 1 entities, in source file db/lpm_divide_1am.tdf
    Info (12023): Found entity 1: lpm_divide_1am File: C:/Users/JPL-ST-SPRING2021/Documents/ENGR 378/Labs/Lab 4/db/lpm_divide_1am.tdf Line: 24
Info (12021): Found 1 design units, including 1 entities, in source file db/sign_div_unsign_7kh.tdf
    Info (12023): Found entity 1: sign_div_unsign_7kh File: C:/Users/JPL-ST-SPRING2021/Documents/ENGR 378/Labs/Lab 4/db/sign_div_unsign_7kh.tdf Line: 24
Info (12021): Found 1 design units, including 1 entities, in source file db/alt_u_div_kse.tdf
    Info (12023): Found entity 1: alt_u_div_kse File: C:/Users/JPL-ST-SPRING2021/Documents/ENGR 378/Labs/Lab 4/db/alt_u_div_kse.tdf Line: 22
Info (12130): Elaborated megafunction instantiation "lpm_divide:Mod0" File: C:/Users/JPL-ST-SPRING2021/Documents/ENGR 378/Labs/Lab 4/converter_module.v Line: 34
Info (12133): Instantiated megafunction "lpm_divide:Mod0" with the following parameter: File: C:/Users/JPL-ST-SPRING2021/Documents/ENGR 378/Labs/Lab 4/converter_module.v Line: 34
    Info (12134): Parameter "LPM_WIDTHN" = "4"
    Info (12134): Parameter "LPM_WIDTHD" = "4"
    Info (12134): Parameter "LPM_NREPRESENTATION" = "UNSIGNED"
    Info (12134): Parameter "LPM_DREPRESENTATION" = "UNSIGNED"
Info (12021): Found 1 design units, including 1 entities, in source file db/lpm_divide_42m.tdf
    Info (12023): Found entity 1: lpm_divide_42m File: C:/Users/JPL-ST-SPRING2021/Documents/ENGR 378/Labs/Lab 4/db/lpm_divide_42m.tdf Line: 24
Warning (13012): Latch sw_int_lsb[0] has unsafe behavior File: C:/Users/JPL-ST-SPRING2021/Documents/ENGR 378/Labs/Lab 4/converter_module.v Line: 12
    Warning (13013): Ports D and ENA on the latch are fed by the same signal btn[1] File: C:/Users/JPL-ST-SPRING2021/Documents/ENGR 378/Labs/Lab 4/converter_module.v Line: 4
Warning (13012): Latch sw_int_lsb[1] has unsafe behavior File: C:/Users/JPL-ST-SPRING2021/Documents/ENGR 378/Labs/Lab 4/converter_module.v Line: 12
    Warning (13013): Ports D and ENA on the latch are fed by the same signal btn[1] File: C:/Users/JPL-ST-SPRING2021/Documents/ENGR 378/Labs/Lab 4/converter_module.v Line: 4
Warning (13012): Latch sw_int_lsb[2] has unsafe behavior File: C:/Users/JPL-ST-SPRING2021/Documents/ENGR 378/Labs/Lab 4/converter_module.v Line: 12
    Warning (13013): Ports D and ENA on the latch are fed by the same signal btn[1] File: C:/Users/JPL-ST-SPRING2021/Documents/ENGR 378/Labs/Lab 4/converter_module.v Line: 4
Warning (13012): Latch sw_int_lsb[3] has unsafe behavior File: C:/Users/JPL-ST-SPRING2021/Documents/ENGR 378/Labs/Lab 4/converter_module.v Line: 12
    Warning (13013): Ports D and ENA on the latch are fed by the same signal btn[1] File: C:/Users/JPL-ST-SPRING2021/Documents/ENGR 378/Labs/Lab 4/converter_module.v Line: 4
Warning (13024): Output pins are stuck at VCC or GND
    Warning (13410): Pin "mode[0]" is stuck at VCC File: C:/Users/JPL-ST-SPRING2021/Documents/ENGR 378/Labs/Lab 4/converter_module.v Line: 5
    Warning (13410): Pin "MSB[6]" is stuck at VCC File: C:/Users/JPL-ST-SPRING2021/Documents/ENGR 378/Labs/Lab 4/converter_module.v Line: 5
Info (286030): Timing-Driven Synthesis is running
Info (16010): Generating hard_block partition "hard_block:auto_generated_inst"
    Info (16011): Adding 0 node(s), including 0 DDIO, 0 PLL, 0 transceiver and 0 LCELL
Info (21057): Implemented 70 device resources after synthesis - the final resource count might be different
    Info (21058): Implemented 7 input pins
    Info (21059): Implemented 21 output pins
    Info (21061): Implemented 42 logic cells
Info: Quartus Prime Analysis & Synthesis was successful. 0 errors, 14 warnings
    Info: Peak virtual memory: 4817 megabytes
    Info: Processing ended: Wed Mar 16 20:34:15 2022
    Info: Elapsed time: 00:00:11
    Info: Total CPU time (on all processors): 00:00:24


